  Azure Sphere Utility version 19.5.4.53731
  Copyright (C) Microsoft Corporation. All rights reserved.
   
  Start time (UTC): Monday, 17 June 2019 16:31:24 
  verbose: Creating image package. 
  verbose: Azure Sphere application image package written. 
  verbose: Appending metadata. 
  verbose: Wrote metadata:
    Section: Identity
      Image Type:           Application
      Component ID:         b0435fed-fb3d-4518-9158-6fe47fd49754
      Image ID:             c96d6705-d921-462a-ae83-743661782977
    Section: Signature
      Signing Type:         ECDsa256
      Cert:                 a8d5cc6958f48710140d7a26160fc1cfc31f5df0
    Section: Debug
      Image Name:           GroveLightSensor
      Built On (UTC):       17.06.2019 16:31:25
      Built On (Local):     17.06.2019 18:31:25
    Section: Temporary Image
      Remove image at boot: False
      Under development:    True
    Section: ABI Depends
      Depends on:           ApplicationRuntime, version 1
   
  verbose: Packaging completed successfully. 
  verbose: Output file is at: C:\MT3620_Grove_Shield-master\Samples\GroveLightSensor\GroveLightSensor\bin\ARM\Debug\GroveLightSensor.imagepackage 
  Command completed successfully in 00:00:00.9070649. 
