  Azure Sphere Utility version 19.5.4.53731
  Copyright (C) Microsoft Corporation. All rights reserved.
   
  Start time (UTC): Wednesday, 19 June 2019 17:04:03 
  verbose: Creating image package. 
  verbose: Azure Sphere application image package written. 
  verbose: Appending metadata. 
  verbose: Wrote metadata:
    Section: Identity
      Image Type:           Application
      Component ID:         ee01d1da-de2c-428d-b5f9-4ad8dd9e6151
      Image ID:             64b17846-6d10-4a06-a75e-149026209f14
    Section: Signature
      Signing Type:         ECDsa256
      Cert:                 a8d5cc6958f48710140d7a26160fc1cfc31f5df0
    Section: Debug
      Image Name:           Grove_Buzzer
      Built On (UTC):       19.06.2019 17:04:04
      Built On (Local):     19.06.2019 19:04:04
    Section: Temporary Image
      Remove image at boot: False
      Under development:    True
    Section: ABI Depends
      Depends on:           ApplicationRuntime, version 1
   
  verbose: Packaging completed successfully. 
  verbose: Output file is at: C:\MT3620_Grove_Shield-master\Samples\Grove_Buzzer\Grove_Buzzer\bin\ARM\Debug\Grove_Buzzer.imagepackage 
  Command completed successfully in 00:00:00.4508640. 
