  Azure Sphere Utility version 19.5.4.53731
  Copyright (C) Microsoft Corporation. All rights reserved.
   
  Start time (UTC): Tuesday, 18 June 2019 21:51:59 
  verbose: Creating image package. 
  verbose: Azure Sphere application image package written. 
  verbose: Appending metadata. 
  verbose: Wrote metadata:
    Section: Identity
      Image Type:           Application
      Component ID:         1525a362-27a9-43f2-97ac-de8931beb8aa
      Image ID:             dad43e78-888d-4637-81c1-c3a690d8bf2c
    Section: Signature
      Signing Type:         ECDsa256
      Cert:                 a8d5cc6958f48710140d7a26160fc1cfc31f5df0
    Section: Debug
      Image Name:           GroveRotaryAngleSensor
      Built On (UTC):       18.06.2019 21:52:00
      Built On (Local):     18.06.2019 23:52:00
    Section: Temporary Image
      Remove image at boot: False
      Under development:    True
    Section: ABI Depends
      Depends on:           ApplicationRuntime, version 1
   
  verbose: Packaging completed successfully. 
  verbose: Output file is at: C:\MT3620_Grove_Shield-master\Samples\GroveRotaryAngleSensor\GroveRotaryAngleSensor\bin\ARM\Debug\GroveRotaryAngleSensor.imagepackage 
  Command completed successfully in 00:00:00.4636919. 
